2023-04-21 16:36:02.517324: I tensorflow/core/platform/cpu_feature_guard.cc:182] This TensorFlow binary is optimized to use available CPU instructions in performance-critical operations.
To enable the following instructions: AVX2 AVX512F FMA, in other operations, rebuild TensorFlow with the appropriate compiler flags.
2023-04-21 16:36:07.576951: W tensorflow/compiler/tf2tensorrt/utils/py_utils.cc:38] TF-TRT Warning: Could not find TensorRT
2023-04-21 16:36:34.057688: E tensorflow/compiler/xla/stream_executor/cuda/cuda_driver.cc:266] failed call to cuInit: CUDA_ERROR_NO_DEVICE: no CUDA-capable device is detected
2023-04-21 16:36:34.058142: I tensorflow/compiler/xla/stream_executor/cuda/cuda_diagnostics.cc:168] retrieving CUDA diagnostic information for host: nodelogin02
2023-04-21 16:36:34.058442: I tensorflow/compiler/xla/stream_executor/cuda/cuda_diagnostics.cc:175] hostname: nodelogin02
2023-04-21 16:36:34.058794: I tensorflow/compiler/xla/stream_executor/cuda/cuda_diagnostics.cc:199] libcuda reported version is: 525.60.13
2023-04-21 16:36:34.059494: I tensorflow/compiler/xla/stream_executor/cuda/cuda_diagnostics.cc:203] kernel reported version is: 525.60.13
2023-04-21 16:36:34.059690: I tensorflow/compiler/xla/stream_executor/cuda/cuda_diagnostics.cc:309] kernel version seems to match DSO: 525.60.13
2023-04-21 16:36:34.061984: E tensorflow/compiler/xla/stream_executor/cuda/cuda_driver.cc:266] failed call to cuInit: CUDA_ERROR_NO_DEVICE: no CUDA-capable device is detected
2023-04-21 16:36:34.062390: I tensorflow/compiler/xla/stream_executor/cuda/cuda_diagnostics.cc:168] retrieving CUDA diagnostic information for host: nodelogin02
2023-04-21 16:36:34.062434: E tensorflow/compiler/xla/stream_executor/cuda/cuda_driver.cc:266] failed call to cuInit: CUDA_ERROR_NO_DEVICE: no CUDA-capable device is detected
2023-04-21 16:36:34.062570: I tensorflow/compiler/xla/stream_executor/cuda/cuda_diagnostics.cc:175] hostname: nodelogin02
2023-04-21 16:36:34.063361: I tensorflow/compiler/xla/stream_executor/cuda/cuda_diagnostics.cc:168] retrieving CUDA diagnostic information for host: nodelogin02
2023-04-21 16:36:34.063630: I tensorflow/compiler/xla/stream_executor/cuda/cuda_diagnostics.cc:199] libcuda reported version is: 525.60.13
2023-04-21 16:36:34.063663: I tensorflow/compiler/xla/stream_executor/cuda/cuda_diagnostics.cc:175] hostname: nodelogin02
2023-04-21 16:36:34.064020: I tensorflow/compiler/xla/stream_executor/cuda/cuda_diagnostics.cc:203] kernel reported version is: 525.60.13
2023-04-21 16:36:34.064389: I tensorflow/compiler/xla/stream_executor/cuda/cuda_diagnostics.cc:199] libcuda reported version is: 525.60.13
2023-04-21 16:36:34.064541: I tensorflow/compiler/xla/stream_executor/cuda/cuda_diagnostics.cc:309] kernel version seems to match DSO: 525.60.13
2023-04-21 16:36:34.064731: I tensorflow/compiler/xla/stream_executor/cuda/cuda_diagnostics.cc:203] kernel reported version is: 525.60.13
2023-04-21 16:36:34.065451: I tensorflow/compiler/xla/stream_executor/cuda/cuda_diagnostics.cc:309] kernel version seems to match DSO: 525.60.13
2023-04-21 16:36:34.407017: E tensorflow/compiler/xla/stream_executor/cuda/cuda_driver.cc:266] failed call to cuInit: CUDA_ERROR_NO_DEVICE: no CUDA-capable device is detected
2023-04-21 16:36:34.407451: I tensorflow/compiler/xla/stream_executor/cuda/cuda_diagnostics.cc:168] retrieving CUDA diagnostic information for host: nodelogin02
2023-04-21 16:36:34.407774: I tensorflow/compiler/xla/stream_executor/cuda/cuda_diagnostics.cc:175] hostname: nodelogin02
2023-04-21 16:36:34.408628: I tensorflow/compiler/xla/stream_executor/cuda/cuda_diagnostics.cc:199] libcuda reported version is: 525.60.13
2023-04-21 16:36:34.409152: I tensorflow/compiler/xla/stream_executor/cuda/cuda_diagnostics.cc:203] kernel reported version is: 525.60.13
2023-04-21 16:36:34.409334: I tensorflow/compiler/xla/stream_executor/cuda/cuda_diagnostics.cc:309] kernel version seems to match DSO: 525.60.13
2023-04-21 16:36:34.910066: E tensorflow/compiler/xla/stream_executor/cuda/cuda_driver.cc:266] failed call to cuInit: CUDA_ERROR_NO_DEVICE: no CUDA-capable device is detected
2023-04-21 16:36:34.910406: I tensorflow/compiler/xla/stream_executor/cuda/cuda_diagnostics.cc:168] retrieving CUDA diagnostic information for host: nodelogin02
2023-04-21 16:36:34.910643: I tensorflow/compiler/xla/stream_executor/cuda/cuda_diagnostics.cc:175] hostname: nodelogin02
2023-04-21 16:36:34.911287: I tensorflow/compiler/xla/stream_executor/cuda/cuda_diagnostics.cc:199] libcuda reported version is: 525.60.13
2023-04-21 16:36:34.911508: I tensorflow/compiler/xla/stream_executor/cuda/cuda_diagnostics.cc:203] kernel reported version is: 525.60.13
2023-04-21 16:36:34.911875: I tensorflow/compiler/xla/stream_executor/cuda/cuda_diagnostics.cc:309] kernel version seems to match DSO: 525.60.13
2023-04-21 16:36:34.917695: E tensorflow/compiler/xla/stream_executor/cuda/cuda_driver.cc:266] failed call to cuInit: CUDA_ERROR_NO_DEVICE: no CUDA-capable device is detected
2023-04-21 16:36:34.917940: I tensorflow/compiler/xla/stream_executor/cuda/cuda_diagnostics.cc:168] retrieving CUDA diagnostic information for host: nodelogin02
2023-04-21 16:36:34.918144: I tensorflow/compiler/xla/stream_executor/cuda/cuda_diagnostics.cc:175] hostname: nodelogin02
2023-04-21 16:36:34.918932: I tensorflow/compiler/xla/stream_executor/cuda/cuda_diagnostics.cc:199] libcuda reported version is: 525.60.13
2023-04-21 16:36:34.925128: I tensorflow/compiler/xla/stream_executor/cuda/cuda_diagnostics.cc:203] kernel reported version is: 525.60.13
2023-04-21 16:36:34.925730: I tensorflow/compiler/xla/stream_executor/cuda/cuda_diagnostics.cc:309] kernel version seems to match DSO: 525.60.13
2023-04-21 16:36:34.937069: E tensorflow/compiler/xla/stream_executor/cuda/cuda_driver.cc:266] failed call to cuInit: CUDA_ERROR_NO_DEVICE: no CUDA-capable device is detected
2023-04-21 16:36:34.937366: I tensorflow/compiler/xla/stream_executor/cuda/cuda_diagnostics.cc:168] retrieving CUDA diagnostic information for host: nodelogin02
2023-04-21 16:36:34.937648: I tensorflow/compiler/xla/stream_executor/cuda/cuda_diagnostics.cc:175] hostname: nodelogin02
2023-04-21 16:36:34.938528: I tensorflow/compiler/xla/stream_executor/cuda/cuda_diagnostics.cc:199] libcuda reported version is: 525.60.13
2023-04-21 16:36:34.938731: I tensorflow/compiler/xla/stream_executor/cuda/cuda_diagnostics.cc:203] kernel reported version is: 525.60.13
2023-04-21 16:36:34.939336: I tensorflow/compiler/xla/stream_executor/cuda/cuda_diagnostics.cc:309] kernel version seems to match DSO: 525.60.13
2023-04-21 16:36:34.989847: E tensorflow/compiler/xla/stream_executor/cuda/cuda_driver.cc:266] failed call to cuInit: CUDA_ERROR_NO_DEVICE: no CUDA-capable device is detected
2023-04-21 16:36:34.990986: I tensorflow/compiler/xla/stream_executor/cuda/cuda_diagnostics.cc:168] retrieving CUDA diagnostic information for host: nodelogin02
2023-04-21 16:36:34.991176: I tensorflow/compiler/xla/stream_executor/cuda/cuda_diagnostics.cc:175] hostname: nodelogin02
2023-04-21 16:36:34.992164: I tensorflow/compiler/xla/stream_executor/cuda/cuda_diagnostics.cc:199] libcuda reported version is: 525.60.13
2023-04-21 16:36:34.992378: I tensorflow/compiler/xla/stream_executor/cuda/cuda_diagnostics.cc:203] kernel reported version is: 525.60.13
2023-04-21 16:36:34.992877: I tensorflow/compiler/xla/stream_executor/cuda/cuda_diagnostics.cc:309] kernel version seems to match DSO: 525.60.13
2023-04-21 16:36:35.338012: E tensorflow/compiler/xla/stream_executor/cuda/cuda_driver.cc:266] failed call to cuInit: CUDA_ERROR_NO_DEVICE: no CUDA-capable device is detected
2023-04-21 16:36:35.338324: I tensorflow/compiler/xla/stream_executor/cuda/cuda_diagnostics.cc:168] retrieving CUDA diagnostic information for host: nodelogin02
2023-04-21 16:36:35.338470: I tensorflow/compiler/xla/stream_executor/cuda/cuda_diagnostics.cc:175] hostname: nodelogin02
2023-04-21 16:36:35.339447: I tensorflow/compiler/xla/stream_executor/cuda/cuda_diagnostics.cc:199] libcuda reported version is: 525.60.13
2023-04-21 16:36:35.339635: I tensorflow/compiler/xla/stream_executor/cuda/cuda_diagnostics.cc:203] kernel reported version is: 525.60.13
2023-04-21 16:36:35.340340: I tensorflow/compiler/xla/stream_executor/cuda/cuda_diagnostics.cc:309] kernel version seems to match DSO: 525.60.13
2023-04-21 16:36:35.399929: E tensorflow/compiler/xla/stream_executor/cuda/cuda_driver.cc:266] failed call to cuInit: CUDA_ERROR_NO_DEVICE: no CUDA-capable device is detected
2023-04-21 16:36:35.400485: I tensorflow/compiler/xla/stream_executor/cuda/cuda_diagnostics.cc:168] retrieving CUDA diagnostic information for host: nodelogin02
2023-04-21 16:36:35.401549: I tensorflow/compiler/xla/stream_executor/cuda/cuda_diagnostics.cc:175] hostname: nodelogin02
2023-04-21 16:36:35.402115: I tensorflow/compiler/xla/stream_executor/cuda/cuda_diagnostics.cc:199] libcuda reported version is: 525.60.13
2023-04-21 16:36:35.402863: I tensorflow/compiler/xla/stream_executor/cuda/cuda_diagnostics.cc:203] kernel reported version is: 525.60.13
2023-04-21 16:36:35.403086: I tensorflow/compiler/xla/stream_executor/cuda/cuda_diagnostics.cc:309] kernel version seems to match DSO: 525.60.13
2023-04-21 16:36:35.445550: E tensorflow/compiler/xla/stream_executor/cuda/cuda_driver.cc:266] failed call to cuInit: CUDA_ERROR_NO_DEVICE: no CUDA-capable device is detected
2023-04-21 16:36:35.445895: I tensorflow/compiler/xla/stream_executor/cuda/cuda_diagnostics.cc:168] retrieving CUDA diagnostic information for host: nodelogin02
2023-04-21 16:36:35.446115: I tensorflow/compiler/xla/stream_executor/cuda/cuda_diagnostics.cc:175] hostname: nodelogin02
2023-04-21 16:36:35.447059: I tensorflow/compiler/xla/stream_executor/cuda/cuda_diagnostics.cc:199] libcuda reported version is: 525.60.13
2023-04-21 16:36:35.447579: I tensorflow/compiler/xla/stream_executor/cuda/cuda_diagnostics.cc:203] kernel reported version is: 525.60.13
2023-04-21 16:36:35.447992: I tensorflow/compiler/xla/stream_executor/cuda/cuda_diagnostics.cc:309] kernel version seems to match DSO: 525.60.13
2023-04-21 16:36:35.880481: E tensorflow/compiler/xla/stream_executor/cuda/cuda_driver.cc:266] failed call to cuInit: CUDA_ERROR_NO_DEVICE: no CUDA-capable device is detected
2023-04-21 16:36:35.880861: I tensorflow/compiler/xla/stream_executor/cuda/cuda_diagnostics.cc:168] retrieving CUDA diagnostic information for host: nodelogin02
2023-04-21 16:36:35.881168: I tensorflow/compiler/xla/stream_executor/cuda/cuda_diagnostics.cc:175] hostname: nodelogin02
2023-04-21 16:36:35.882422: I tensorflow/compiler/xla/stream_executor/cuda/cuda_diagnostics.cc:199] libcuda reported version is: 525.60.13
2023-04-21 16:36:35.882730: I tensorflow/compiler/xla/stream_executor/cuda/cuda_diagnostics.cc:203] kernel reported version is: 525.60.13
2023-04-21 16:36:35.883519: I tensorflow/compiler/xla/stream_executor/cuda/cuda_diagnostics.cc:309] kernel version seems to match DSO: 525.60.13
2023-04-21 16:36:36.322733: E tensorflow/compiler/xla/stream_executor/cuda/cuda_driver.cc:266] failed call to cuInit: CUDA_ERROR_NO_DEVICE: no CUDA-capable device is detected
2023-04-21 16:36:36.323220: I tensorflow/compiler/xla/stream_executor/cuda/cuda_diagnostics.cc:168] retrieving CUDA diagnostic information for host: nodelogin02
2023-04-21 16:36:36.325870: I tensorflow/compiler/xla/stream_executor/cuda/cuda_diagnostics.cc:175] hostname: nodelogin02
2023-04-21 16:36:36.327084: I tensorflow/compiler/xla/stream_executor/cuda/cuda_diagnostics.cc:199] libcuda reported version is: 525.60.13
2023-04-21 16:36:36.330156: I tensorflow/compiler/xla/stream_executor/cuda/cuda_diagnostics.cc:203] kernel reported version is: 525.60.13
2023-04-21 16:36:36.330387: I tensorflow/compiler/xla/stream_executor/cuda/cuda_diagnostics.cc:309] kernel version seems to match DSO: 525.60.13
2023-04-21 16:36:36.474673: E tensorflow/compiler/xla/stream_executor/cuda/cuda_driver.cc:266] failed call to cuInit: CUDA_ERROR_NO_DEVICE: no CUDA-capable device is detected
2023-04-21 16:36:36.475058: I tensorflow/compiler/xla/stream_executor/cuda/cuda_diagnostics.cc:168] retrieving CUDA diagnostic information for host: nodelogin02
2023-04-21 16:36:36.475226: I tensorflow/compiler/xla/stream_executor/cuda/cuda_diagnostics.cc:175] hostname: nodelogin02
2023-04-21 16:36:36.476261: I tensorflow/compiler/xla/stream_executor/cuda/cuda_diagnostics.cc:199] libcuda reported version is: 525.60.13
2023-04-21 16:36:36.476839: I tensorflow/compiler/xla/stream_executor/cuda/cuda_diagnostics.cc:203] kernel reported version is: 525.60.13
2023-04-21 16:36:36.477200: I tensorflow/compiler/xla/stream_executor/cuda/cuda_diagnostics.cc:309] kernel version seems to match DSO: 525.60.13
2023-04-21 16:36:36.546982: E tensorflow/compiler/xla/stream_executor/cuda/cuda_driver.cc:266] failed call to cuInit: CUDA_ERROR_NO_DEVICE: no CUDA-capable device is detected
2023-04-21 16:36:36.547309: I tensorflow/compiler/xla/stream_executor/cuda/cuda_diagnostics.cc:168] retrieving CUDA diagnostic information for host: nodelogin02
2023-04-21 16:36:36.547604: I tensorflow/compiler/xla/stream_executor/cuda/cuda_diagnostics.cc:175] hostname: nodelogin02
2023-04-21 16:36:36.548412: I tensorflow/compiler/xla/stream_executor/cuda/cuda_diagnostics.cc:199] libcuda reported version is: 525.60.13
2023-04-21 16:36:36.548628: I tensorflow/compiler/xla/stream_executor/cuda/cuda_diagnostics.cc:203] kernel reported version is: 525.60.13
2023-04-21 16:36:36.549242: I tensorflow/compiler/xla/stream_executor/cuda/cuda_diagnostics.cc:309] kernel version seems to match DSO: 525.60.13
