[/bin/bash] #### Starting Python test
[/bin/bash] ## This is s2969866 on nodelogin01 and this job has the ID 1437581
[/bin/bash] ## current working directory: /home/s2969866/data1/thesis
[/bin/bash] ## Run script
cluster n_cores:  15
0
500
1000
1500
2000
2500
2925
0.0 22.0
0 -22.0
0
500
1000
1447
312.0 0.0
212 312.0
1500
2000
2500
2612
262.0 0.0
162 262.0
3000
3500
4000
4500
5000
5500
0
500
1000
1115
262.0 0.0
162 262.0
1500
2000
2500
3000
3500
4000
4452
262.0 0.0
162 262.0
4500
5000
5500
0
500
1000
1500
2000
2500
3000
3484
282.0 0.0
182 282.0
3500
4000
4500
5000
5500
0
500
1000
1089
0.0 262.0
-162 -262.0
1500
2000
2500
3000
3500
3506
262.0 0.0
162 262.0
4000
4500
4948
262.0 0.0
162 262.0
5000
5500
0
500
1000
1500
2000
2500
2681
0.0 262.0
-162 -262.0
2847
0.0 262.0
-162 -262.0
3000
3500
3817
0.0 262.0
-162 -262.0
4000
4500
4510
322.0 0.0
222 322.0
5000
5500
0
500
1000
1046
0.0 322.0
-222 -322.0
1500
2000
2500
3000
3500
4000
4417
0.0 322.0
-222 -322.0
4500
5000
5500
[/bin/bash] ## Script finished
[/bin/bash] #### Finished Python test. Have a nice day
